[07-Aug-2024 03:05:32 UTC] PHP Deprecated:  Function get_page_by_title is <strong>deprecated</strong> since version 6.2.0! Use WP_Query instead. in F:\xampp\htdocs\blogwordpress\wp-includes\functions.php on line 6085
[07-Aug-2024 03:05:32 UTC] PHP Fatal error:  Uncaught TypeError: error_log(): Argument #2 ($message_type) must be of type int, string given in F:\xampp\htdocs\blogwordpress\wp-content\themes\themecustom\index.php:12
Stack trace:
#0 F:\xampp\htdocs\blogwordpress\wp-content\themes\themecustom\index.php(12): error_log('custom_data: ', 'Array\n(\n    [0]...')
#1 F:\xampp\htdocs\blogwordpress\wp-includes\template-loader.php(106): include('F:\\xampp\\htdocs...')
#2 F:\xampp\htdocs\blogwordpress\wp-blog-header.php(19): require_once('F:\\xampp\\htdocs...')
#3 F:\xampp\htdocs\blogwordpress\index.php(17): require('F:\\xampp\\htdocs...')
#4 {main}
  thrown in F:\xampp\htdocs\blogwordpress\wp-content\themes\themecustom\index.php on line 12
[07-Aug-2024 03:07:06 UTC] PHP Deprecated:  Function get_page_by_title is <strong>deprecated</strong> since version 6.2.0! Use WP_Query instead. in F:\xampp\htdocs\blogwordpress\wp-includes\functions.php on line 6085
[07-Aug-2024 03:07:06 UTC] custom_data: Array
(
    [0] => Array
        (
            [type] => text
            [value] => Unlock Potential, Achieve
            [index] => 1
            [position] =>  first title
        )

    [1] => Array
        (
            [type] => text
            [value] => Sustainable Growth
            [index] => 2
            [position] => after tittle
        )

    [2] => Array
        (
            [type] => text
            [value] => Welcome to Fourier, a leading IT company and a proud subsidiary of Apec Group.
Our team of over 100 skilled professionals has completed more than 300 innovative projects for clients around the globe. At Fourier, we specialize in shaping the future of IT through comprehensive training programs, application engineering, and tailored technology consulting services
            [index] => 3
            [position] => Description
        )

    [3] => Array
        (
            [type] => image
            [value] => http://localhost/wp-content/uploads/2024/08/demo-25.jpg
            [index] => 4
            [position] => banner
        )

    [4] => Array
        (
            [type] => text
            [value] => Empowering Innovation, Delivering
            [index] => 5
            [position] => first title for banner
        )

    [5] => Array
        (
            [type] => text
            [value] => Excellence
            [index] => 6
            [position] => after title for banner
        )

    [6] => Array
        (
            [type] => text
            [value] => We are dedicated to providing top-notch maintenance and support, catering to the unique needs of both startups and established enterprises. Discover how Fourier can help drive your business forward with our expert solutions and unwavering commitment to innovation.
            [index] => 7
            [position] => Description for banner
        )

)

[07-Aug-2024 03:07:06 UTC] PHP Deprecated:  Function get_page_by_title is <strong>deprecated</strong> since version 6.2.0! Use WP_Query instead. in F:\xampp\htdocs\blogwordpress\wp-includes\functions.php on line 6085
[07-Aug-2024 03:07:06 UTC] PHP Deprecated:  Function get_page_by_title is <strong>deprecated</strong> since version 6.2.0! Use WP_Query instead. in F:\xampp\htdocs\blogwordpress\wp-includes\functions.php on line 6085
[07-Aug-2024 03:07:06 UTC] PHP Deprecated:  Function get_page_by_title is <strong>deprecated</strong> since version 6.2.0! Use WP_Query instead. in F:\xampp\htdocs\blogwordpress\wp-includes\functions.php on line 6085
[07-Aug-2024 03:07:52 UTC] PHP Deprecated:  Function get_page_by_title is <strong>deprecated</strong> since version 6.2.0! Use WP_Query instead. in F:\xampp\htdocs\blogwordpress\wp-includes\functions.php on line 6085
[07-Aug-2024 03:07:52 UTC] custom_data: Array
(
    [0] => Array
        (
            [type] => text
            [value] => Unlock Potential, Achieve
            [index] => 1
            [position] =>  first title
        )

    [1] => Array
        (
            [type] => text
            [value] => Sustainable Growth
            [index] => 2
            [position] => after tittle
        )

    [2] => Array
        (
            [type] => text
            [value] => Welcome to Fourier, a leading IT company and a proud subsidiary of Apec Group.
Our team of over 100 skilled professionals has completed more than 300 innovative projects for clients around the globe. At Fourier, we specialize in shaping the future of IT through comprehensive training programs, application engineering, and tailored technology consulting services
            [index] => 3
            [position] => Description
        )

    [3] => Array
        (
            [type] => text
            [value] => Empowering Innovation, Delivering
            [index] => 5
            [position] => first title for banner
        )

    [4] => Array
        (
            [type] => text
            [value] => Excellence
            [index] => 6
            [position] => after title for banner
        )

    [5] => Array
        (
            [type] => text
            [value] => We are dedicated to providing top-notch maintenance and support, catering to the unique needs of both startups and established enterprises. Discover how Fourier can help drive your business forward with our expert solutions and unwavering commitment to innovation.
            [index] => 7
            [position] => Description for banner
        )

    [6] => Array
        (
            [type] => image
            [value] => http://localhost/wp-content/uploads/2024/08/demo-25.jpg
            [index] => 4
            [position] => banner
        )

)

[07-Aug-2024 03:07:52 UTC] PHP Deprecated:  Function get_page_by_title is <strong>deprecated</strong> since version 6.2.0! Use WP_Query instead. in F:\xampp\htdocs\blogwordpress\wp-includes\functions.php on line 6085
[07-Aug-2024 03:07:52 UTC] PHP Deprecated:  Function get_page_by_title is <strong>deprecated</strong> since version 6.2.0! Use WP_Query instead. in F:\xampp\htdocs\blogwordpress\wp-includes\functions.php on line 6085
[07-Aug-2024 03:07:52 UTC] PHP Deprecated:  Function get_page_by_title is <strong>deprecated</strong> since version 6.2.0! Use WP_Query instead. in F:\xampp\htdocs\blogwordpress\wp-includes\functions.php on line 6085
[07-Aug-2024 03:08:53 UTC] PHP Deprecated:  Function get_page_by_title is <strong>deprecated</strong> since version 6.2.0! Use WP_Query instead. in F:\xampp\htdocs\blogwordpress\wp-includes\functions.php on line 6085
[07-Aug-2024 03:08:53 UTC] PHP Deprecated:  Function get_page_by_title is <strong>deprecated</strong> since version 6.2.0! Use WP_Query instead. in F:\xampp\htdocs\blogwordpress\wp-includes\functions.php on line 6085
[07-Aug-2024 03:08:53 UTC] PHP Deprecated:  Function get_page_by_title is <strong>deprecated</strong> since version 6.2.0! Use WP_Query instead. in F:\xampp\htdocs\blogwordpress\wp-includes\functions.php on line 6085
[07-Aug-2024 03:08:53 UTC] PHP Deprecated:  Function get_page_by_title is <strong>deprecated</strong> since version 6.2.0! Use WP_Query instead. in F:\xampp\htdocs\blogwordpress\wp-includes\functions.php on line 6085
[07-Aug-2024 03:09:04 UTC] PHP Deprecated:  Function get_page_by_title is <strong>deprecated</strong> since version 6.2.0! Use WP_Query instead. in F:\xampp\htdocs\blogwordpress\wp-includes\functions.php on line 6085
[07-Aug-2024 03:09:04 UTC] PHP Deprecated:  Function get_page_by_title is <strong>deprecated</strong> since version 6.2.0! Use WP_Query instead. in F:\xampp\htdocs\blogwordpress\wp-includes\functions.php on line 6085
[07-Aug-2024 03:09:04 UTC] PHP Deprecated:  Function get_page_by_title is <strong>deprecated</strong> since version 6.2.0! Use WP_Query instead. in F:\xampp\htdocs\blogwordpress\wp-includes\functions.php on line 6085
[07-Aug-2024 03:09:04 UTC] PHP Deprecated:  Function get_page_by_title is <strong>deprecated</strong> since version 6.2.0! Use WP_Query instead. in F:\xampp\htdocs\blogwordpress\wp-includes\functions.php on line 6085
[07-Aug-2024 03:10:01 UTC] Automatic updates starting...
[07-Aug-2024 03:10:01 UTC] Automatic updates complete.
[07-Aug-2024 03:20:20 UTC] PHP Deprecated:  Hàm get_page_by_title hiện tại <strong>không dùng nữa</strong> từ phiên bản 6.2.0! Sử dụng WP_Query để thay thế. in F:\xampp\htdocs\blogwordpress\wp-includes\functions.php on line 6085
[07-Aug-2024 03:20:20 UTC] PHP Deprecated:  Hàm get_page_by_title hiện tại <strong>không dùng nữa</strong> từ phiên bản 6.2.0! Sử dụng WP_Query để thay thế. in F:\xampp\htdocs\blogwordpress\wp-includes\functions.php on line 6085
[07-Aug-2024 03:20:20 UTC] PHP Deprecated:  Hàm get_page_by_title hiện tại <strong>không dùng nữa</strong> từ phiên bản 6.2.0! Sử dụng WP_Query để thay thế. in F:\xampp\htdocs\blogwordpress\wp-includes\functions.php on line 6085
[07-Aug-2024 03:20:20 UTC] PHP Deprecated:  Hàm get_page_by_title hiện tại <strong>không dùng nữa</strong> từ phiên bản 6.2.0! Sử dụng WP_Query để thay thế. in F:\xampp\htdocs\blogwordpress\wp-includes\functions.php on line 6085
[07-Aug-2024 03:49:48 UTC] PHP Deprecated:  Function get_page_by_title is <strong>deprecated</strong> since version 6.2.0! Use WP_Query instead. in F:\xampp\htdocs\blogwordpress\wp-includes\functions.php on line 6085
[07-Aug-2024 03:49:48 UTC] PHP Deprecated:  Function get_page_by_title is <strong>deprecated</strong> since version 6.2.0! Use WP_Query instead. in F:\xampp\htdocs\blogwordpress\wp-includes\functions.php on line 6085
[07-Aug-2024 03:49:48 UTC] PHP Deprecated:  Function get_page_by_title is <strong>deprecated</strong> since version 6.2.0! Use WP_Query instead. in F:\xampp\htdocs\blogwordpress\wp-includes\functions.php on line 6085
[07-Aug-2024 03:50:12 UTC] PHP Deprecated:  Function get_page_by_title is <strong>deprecated</strong> since version 6.2.0! Use WP_Query instead. in F:\xampp\htdocs\blogwordpress\wp-includes\functions.php on line 6085
[07-Aug-2024 03:50:12 UTC] PHP Deprecated:  Function get_page_by_title is <strong>deprecated</strong> since version 6.2.0! Use WP_Query instead. in F:\xampp\htdocs\blogwordpress\wp-includes\functions.php on line 6085
[07-Aug-2024 03:50:12 UTC] PHP Deprecated:  Function get_page_by_title is <strong>deprecated</strong> since version 6.2.0! Use WP_Query instead. in F:\xampp\htdocs\blogwordpress\wp-includes\functions.php on line 6085
[07-Aug-2024 03:50:12 UTC] PHP Deprecated:  Function get_page_by_title is <strong>deprecated</strong> since version 6.2.0! Use WP_Query instead. in F:\xampp\htdocs\blogwordpress\wp-includes\functions.php on line 6085
[07-Aug-2024 03:50:42 UTC] PHP Deprecated:  Function get_page_by_title is <strong>deprecated</strong> since version 6.2.0! Use WP_Query instead. in F:\xampp\htdocs\blogwordpress\wp-includes\functions.php on line 6085
[07-Aug-2024 03:50:42 UTC] PHP Deprecated:  Function get_page_by_title is <strong>deprecated</strong> since version 6.2.0! Use WP_Query instead. in F:\xampp\htdocs\blogwordpress\wp-includes\functions.php on line 6085
[07-Aug-2024 03:50:42 UTC] PHP Deprecated:  Function get_page_by_title is <strong>deprecated</strong> since version 6.2.0! Use WP_Query instead. in F:\xampp\htdocs\blogwordpress\wp-includes\functions.php on line 6085
[07-Aug-2024 03:52:41 UTC] PHP Deprecated:  Function get_page_by_title is <strong>deprecated</strong> since version 6.2.0! Use WP_Query instead. in F:\xampp\htdocs\blogwordpress\wp-includes\functions.php on line 6085
[07-Aug-2024 03:52:41 UTC] PHP Deprecated:  Function get_page_by_title is <strong>deprecated</strong> since version 6.2.0! Use WP_Query instead. in F:\xampp\htdocs\blogwordpress\wp-includes\functions.php on line 6085
[07-Aug-2024 03:52:41 UTC] PHP Deprecated:  Function get_page_by_title is <strong>deprecated</strong> since version 6.2.0! Use WP_Query instead. in F:\xampp\htdocs\blogwordpress\wp-includes\functions.php on line 6085
[07-Aug-2024 03:53:30 UTC] PHP Deprecated:  Function get_page_by_title is <strong>deprecated</strong> since version 6.2.0! Use WP_Query instead. in F:\xampp\htdocs\blogwordpress\wp-includes\functions.php on line 6085
[07-Aug-2024 03:53:30 UTC] PHP Deprecated:  Function get_page_by_title is <strong>deprecated</strong> since version 6.2.0! Use WP_Query instead. in F:\xampp\htdocs\blogwordpress\wp-includes\functions.php on line 6085
[07-Aug-2024 03:53:30 UTC] PHP Deprecated:  Function get_page_by_title is <strong>deprecated</strong> since version 6.2.0! Use WP_Query instead. in F:\xampp\htdocs\blogwordpress\wp-includes\functions.php on line 6085
[07-Aug-2024 04:57:24 UTC] Description: Array
(
    [_wpnonce] => db06d832c2
    [_wp_http_referer] => /wp-admin/post.php?post=23&action=edit
    [user_ID] => 1
    [action] => editpost
    [originalaction] => editpost
    [post_type] => page
    [original_post_status] => publish
    [referredby] => http://localhost/wp-admin/edit.php?post_type=page
    [_wp_original_http_referer] => http://localhost/wp-admin/edit.php?post_type=page
    [post_ID] => 23
    [meta-box-order-nonce] => a7325ab0e5
    [closedpostboxesnonce] => 63bc38a25f
    [samplepermalinknonce] => f5fb7e6665
    [custom_page_description_nonce] => db096e6573
    [position_text] => Array
        (
            [0] => tittle
        )

    [custom_texts] => Array
        (
            [0] => Contact us
        )

    [index_text] => Array
        (
            [0] => 1
        )

    [position_img] => Array
        (
            [0] => banner
        )

    [custom_image_urls] => Array
        (
            [0] => https://placehold.co/1440x440
        )

    [index_img] => Array
        (
            [0] => 2
        )

    [_custom_page_description] => 
    [comment_status] => closed
    [ping_status] => closed
    [post_author] => 1
    [post_mime_type] => 
    [ID] => 23
    [post_status] => publish
)

[07-Aug-2024 04:57:27 UTC] PHP Deprecated:  Function get_page_by_title is <strong>deprecated</strong> since version 6.2.0! Use WP_Query instead. in F:\xampp\htdocs\blogwordpress\wp-includes\functions.php on line 6085
[07-Aug-2024 04:57:27 UTC] PHP Deprecated:  Function get_page_by_title is <strong>deprecated</strong> since version 6.2.0! Use WP_Query instead. in F:\xampp\htdocs\blogwordpress\wp-includes\functions.php on line 6085
[07-Aug-2024 04:57:27 UTC] PHP Deprecated:  Function get_page_by_title is <strong>deprecated</strong> since version 6.2.0! Use WP_Query instead. in F:\xampp\htdocs\blogwordpress\wp-includes\functions.php on line 6085
[07-Aug-2024 04:58:00 UTC] Description: Array
(
    [_wpnonce] => db06d832c2
    [_wp_http_referer] => /wp-admin/post.php?post=23&action=edit
    [user_ID] => 1
    [action] => editpost
    [originalaction] => editpost
    [post_type] => page
    [original_post_status] => publish
    [referredby] => http://localhost/wp-admin/edit.php?post_type=page
    [_wp_original_http_referer] => http://localhost/wp-admin/edit.php?post_type=page
    [post_ID] => 23
    [meta-box-order-nonce] => a7325ab0e5
    [closedpostboxesnonce] => 63bc38a25f
    [samplepermalinknonce] => f5fb7e6665
    [custom_page_description_nonce] => db096e6573
    [position_text] => Array
        (
            [0] => tittle
        )

    [custom_texts] => Array
        (
            [0] => Contact us
        )

    [index_text] => Array
        (
            [0] => 1
        )

    [position_img] => Array
        (
            [0] => banner
        )

    [custom_image_urls] => Array
        (
            [0] => https://placehold.co/1440x440
        )

    [index_img] => Array
        (
            [0] => 2
        )

    [_custom_page_description] => 
    [comment_status] => closed
    [ping_status] => closed
    [post_author] => 1
    [post_mime_type] => 
    [ID] => 23
    [post_status] => publish
)

[07-Aug-2024 04:58:02 UTC] PHP Deprecated:  Function get_page_by_title is <strong>deprecated</strong> since version 6.2.0! Use WP_Query instead. in F:\xampp\htdocs\blogwordpress\wp-includes\functions.php on line 6085
[07-Aug-2024 04:58:02 UTC] PHP Deprecated:  Function get_page_by_title is <strong>deprecated</strong> since version 6.2.0! Use WP_Query instead. in F:\xampp\htdocs\blogwordpress\wp-includes\functions.php on line 6085
[07-Aug-2024 04:58:02 UTC] PHP Deprecated:  Function get_page_by_title is <strong>deprecated</strong> since version 6.2.0! Use WP_Query instead. in F:\xampp\htdocs\blogwordpress\wp-includes\functions.php on line 6085
[07-Aug-2024 04:59:00 UTC] Description: Array
(
    [_wpnonce] => db06d832c2
    [_wp_http_referer] => /wp-admin/post.php?post=23&action=edit
    [user_ID] => 1
    [action] => editpost
    [originalaction] => editpost
    [post_type] => page
    [original_post_status] => publish
    [referredby] => http://localhost/wp-admin/edit.php?post_type=page
    [_wp_original_http_referer] => http://localhost/wp-admin/edit.php?post_type=page
    [post_ID] => 23
    [meta-box-order-nonce] => a7325ab0e5
    [closedpostboxesnonce] => 63bc38a25f
    [samplepermalinknonce] => f5fb7e6665
    [custom_page_description_nonce] => db096e6573
    [position_text] => Array
        (
            [0] => tittle
        )

    [custom_texts] => Array
        (
            [0] => Contact us
        )

    [index_text] => Array
        (
            [0] => 1
        )

    [position_img] => Array
        (
            [0] => banner
        )

    [custom_image_urls] => Array
        (
            [0] => https://placehold.co/1440x440
        )

    [index_img] => Array
        (
            [0] => 2
        )

    [_custom_page_description] => 
    [comment_status] => closed
    [ping_status] => closed
    [post_author] => 1
    [post_mime_type] => 
    [ID] => 23
    [post_status] => publish
)

[07-Aug-2024 04:59:03 UTC] PHP Deprecated:  Function get_page_by_title is <strong>deprecated</strong> since version 6.2.0! Use WP_Query instead. in F:\xampp\htdocs\blogwordpress\wp-includes\functions.php on line 6085
[07-Aug-2024 04:59:03 UTC] PHP Deprecated:  Function get_page_by_title is <strong>deprecated</strong> since version 6.2.0! Use WP_Query instead. in F:\xampp\htdocs\blogwordpress\wp-includes\functions.php on line 6085
[07-Aug-2024 04:59:03 UTC] PHP Deprecated:  Function get_page_by_title is <strong>deprecated</strong> since version 6.2.0! Use WP_Query instead. in F:\xampp\htdocs\blogwordpress\wp-includes\functions.php on line 6085
[07-Aug-2024 05:00:14 UTC] Description: Array
(
    [_wpnonce] => db06d832c2
    [_wp_http_referer] => /wp-admin/post.php?post=23&action=edit
    [user_ID] => 1
    [action] => editpost
    [originalaction] => editpost
    [post_type] => page
    [original_post_status] => publish
    [referredby] => http://localhost/wp-admin/edit.php?post_type=page
    [_wp_original_http_referer] => http://localhost/wp-admin/edit.php?post_type=page
    [post_ID] => 23
    [meta-box-order-nonce] => a7325ab0e5
    [closedpostboxesnonce] => 63bc38a25f
    [samplepermalinknonce] => f5fb7e6665
    [custom_page_description_nonce] => db096e6573
    [position_text] => Array
        (
            [0] => tittle
        )

    [custom_texts] => Array
        (
            [0] => Contact us
        )

    [index_text] => Array
        (
            [0] => 1
        )

    [position_img] => Array
        (
            [0] => banner
        )

    [custom_image_urls] => Array
        (
            [0] => https://placehold.co/1440x440
        )

    [index_img] => Array
        (
            [0] => 2
        )

    [_custom_page_description] => 
    [comment_status] => closed
    [ping_status] => closed
    [post_author] => 1
    [post_mime_type] => 
    [ID] => 23
    [post_status] => publish
)

[07-Aug-2024 05:00:16 UTC] PHP Deprecated:  Function get_page_by_title is <strong>deprecated</strong> since version 6.2.0! Use WP_Query instead. in F:\xampp\htdocs\blogwordpress\wp-includes\functions.php on line 6085
[07-Aug-2024 05:00:16 UTC] PHP Deprecated:  Function get_page_by_title is <strong>deprecated</strong> since version 6.2.0! Use WP_Query instead. in F:\xampp\htdocs\blogwordpress\wp-includes\functions.php on line 6085
[07-Aug-2024 05:00:16 UTC] PHP Deprecated:  Function get_page_by_title is <strong>deprecated</strong> since version 6.2.0! Use WP_Query instead. in F:\xampp\htdocs\blogwordpress\wp-includes\functions.php on line 6085
[07-Aug-2024 05:00:55 UTC] Description: Array
(
    [_wpnonce] => db06d832c2
    [_wp_http_referer] => /wp-admin/post.php?post=23&action=edit
    [user_ID] => 1
    [action] => editpost
    [originalaction] => editpost
    [post_type] => page
    [original_post_status] => publish
    [referredby] => http://localhost/wp-admin/edit.php?post_type=page
    [_wp_original_http_referer] => http://localhost/wp-admin/edit.php?post_type=page
    [post_ID] => 23
    [meta-box-order-nonce] => a7325ab0e5
    [closedpostboxesnonce] => 63bc38a25f
    [samplepermalinknonce] => f5fb7e6665
    [custom_page_description_nonce] => db096e6573
    [position_text] => Array
        (
            [0] => tittle
        )

    [custom_texts] => Array
        (
            [0] => Contact us
        )

    [index_text] => Array
        (
            [0] => 1
        )

    [position_img] => Array
        (
            [0] => banner
        )

    [custom_image_urls] => Array
        (
            [0] => https://placehold.co/1440x440
        )

    [index_img] => Array
        (
            [0] => 2
        )

    [_custom_page_description] => 
    [comment_status] => closed
    [ping_status] => closed
    [post_author] => 1
    [post_mime_type] => 
    [ID] => 23
    [post_status] => publish
)

[07-Aug-2024 05:00:56 UTC] PHP Deprecated:  Function get_page_by_title is <strong>deprecated</strong> since version 6.2.0! Use WP_Query instead. in F:\xampp\htdocs\blogwordpress\wp-includes\functions.php on line 6085
[07-Aug-2024 05:00:56 UTC] PHP Deprecated:  Function get_page_by_title is <strong>deprecated</strong> since version 6.2.0! Use WP_Query instead. in F:\xampp\htdocs\blogwordpress\wp-includes\functions.php on line 6085
[07-Aug-2024 05:00:56 UTC] PHP Deprecated:  Function get_page_by_title is <strong>deprecated</strong> since version 6.2.0! Use WP_Query instead. in F:\xampp\htdocs\blogwordpress\wp-includes\functions.php on line 6085
[07-Aug-2024 06:09:53 UTC] Description: Array
(
    [_wpnonce] => db06d832c2
    [_wp_http_referer] => /wp-admin/post.php?post=23&action=edit
    [user_ID] => 1
    [action] => editpost
    [originalaction] => editpost
    [post_type] => page
    [original_post_status] => publish
    [referredby] => http://localhost/wp-admin/edit.php?post_type=page
    [_wp_original_http_referer] => http://localhost/wp-admin/edit.php?post_type=page
    [post_ID] => 23
    [meta-box-order-nonce] => a7325ab0e5
    [closedpostboxesnonce] => 63bc38a25f
    [samplepermalinknonce] => f5fb7e6665
    [custom_page_description_nonce] => db096e6573
    [position_text] => Array
        (
            [0] => tittle
        )

    [custom_texts] => Array
        (
            [0] => Contact us
        )

    [index_text] => Array
        (
            [0] => 1
        )

    [position_img] => Array
        (
            [0] => banner
        )

    [custom_image_urls] => Array
        (
            [0] => https://placehold.co/1440x440
        )

    [index_img] => Array
        (
            [0] => 2
        )

    [_custom_page_description] => 
    [comment_status] => closed
    [ping_status] => closed
    [post_author] => 1
    [post_mime_type] => 
    [ID] => 23
    [post_status] => publish
)

[07-Aug-2024 06:09:56 UTC] PHP Deprecated:  Function get_page_by_title is <strong>deprecated</strong> since version 6.2.0! Use WP_Query instead. in F:\xampp\htdocs\blogwordpress\wp-includes\functions.php on line 6085
[07-Aug-2024 06:09:56 UTC] PHP Deprecated:  Function get_page_by_title is <strong>deprecated</strong> since version 6.2.0! Use WP_Query instead. in F:\xampp\htdocs\blogwordpress\wp-includes\functions.php on line 6085
[07-Aug-2024 06:09:56 UTC] PHP Deprecated:  Function get_page_by_title is <strong>deprecated</strong> since version 6.2.0! Use WP_Query instead. in F:\xampp\htdocs\blogwordpress\wp-includes\functions.php on line 6085
[07-Aug-2024 06:10:40 UTC] Description: Array
(
    [_wpnonce] => db06d832c2
    [_wp_http_referer] => /wp-admin/post.php?post=23&action=edit
    [user_ID] => 1
    [action] => editpost
    [originalaction] => editpost
    [post_type] => page
    [original_post_status] => publish
    [referredby] => http://localhost/wp-admin/edit.php?post_type=page
    [_wp_original_http_referer] => http://localhost/wp-admin/edit.php?post_type=page
    [post_ID] => 23
    [meta-box-order-nonce] => a7325ab0e5
    [closedpostboxesnonce] => 63bc38a25f
    [samplepermalinknonce] => f5fb7e6665
    [custom_page_description_nonce] => db096e6573
    [position_text] => Array
        (
            [0] => tittle
        )

    [custom_texts] => Array
        (
            [0] => Contact us
        )

    [index_text] => Array
        (
            [0] => 1
        )

    [position_img] => Array
        (
            [0] => banner
        )

    [custom_image_urls] => Array
        (
            [0] => https://placehold.co/1440x440
        )

    [index_img] => Array
        (
            [0] => 2
        )

    [_custom_page_description] => 
    [comment_status] => closed
    [ping_status] => closed
    [post_author] => 1
    [post_mime_type] => 
    [ID] => 23
    [post_status] => publish
)

[07-Aug-2024 06:10:42 UTC] PHP Deprecated:  Function get_page_by_title is <strong>deprecated</strong> since version 6.2.0! Use WP_Query instead. in F:\xampp\htdocs\blogwordpress\wp-includes\functions.php on line 6085
[07-Aug-2024 06:10:42 UTC] PHP Deprecated:  Function get_page_by_title is <strong>deprecated</strong> since version 6.2.0! Use WP_Query instead. in F:\xampp\htdocs\blogwordpress\wp-includes\functions.php on line 6085
[07-Aug-2024 06:10:42 UTC] PHP Deprecated:  Function get_page_by_title is <strong>deprecated</strong> since version 6.2.0! Use WP_Query instead. in F:\xampp\htdocs\blogwordpress\wp-includes\functions.php on line 6085
[07-Aug-2024 06:34:56 UTC] PHP Deprecated:  Function get_page_by_title is <strong>deprecated</strong> since version 6.2.0! Use WP_Query instead. in F:\xampp\htdocs\blogwordpress\wp-includes\functions.php on line 6085
[07-Aug-2024 06:34:56 UTC] PHP Deprecated:  Function get_page_by_title is <strong>deprecated</strong> since version 6.2.0! Use WP_Query instead. in F:\xampp\htdocs\blogwordpress\wp-includes\functions.php on line 6085
[07-Aug-2024 06:34:56 UTC] PHP Deprecated:  Function get_page_by_title is <strong>deprecated</strong> since version 6.2.0! Use WP_Query instead. in F:\xampp\htdocs\blogwordpress\wp-includes\functions.php on line 6085
[07-Aug-2024 06:37:02 UTC] PHP Deprecated:  Function get_page_by_title is <strong>deprecated</strong> since version 6.2.0! Use WP_Query instead. in F:\xampp\htdocs\blogwordpress\wp-includes\functions.php on line 6085
[07-Aug-2024 06:37:02 UTC] PHP Deprecated:  Function get_page_by_title is <strong>deprecated</strong> since version 6.2.0! Use WP_Query instead. in F:\xampp\htdocs\blogwordpress\wp-includes\functions.php on line 6085
[07-Aug-2024 06:37:02 UTC] PHP Deprecated:  Function get_page_by_title is <strong>deprecated</strong> since version 6.2.0! Use WP_Query instead. in F:\xampp\htdocs\blogwordpress\wp-includes\functions.php on line 6085
[07-Aug-2024 06:37:03 UTC] PHP Deprecated:  Function get_page_by_title is <strong>deprecated</strong> since version 6.2.0! Use WP_Query instead. in F:\xampp\htdocs\blogwordpress\wp-includes\functions.php on line 6085
[07-Aug-2024 06:37:03 UTC] PHP Deprecated:  Function get_page_by_title is <strong>deprecated</strong> since version 6.2.0! Use WP_Query instead. in F:\xampp\htdocs\blogwordpress\wp-includes\functions.php on line 6085
[07-Aug-2024 06:37:03 UTC] PHP Deprecated:  Function get_page_by_title is <strong>deprecated</strong> since version 6.2.0! Use WP_Query instead. in F:\xampp\htdocs\blogwordpress\wp-includes\functions.php on line 6085
[07-Aug-2024 06:37:03 UTC] PHP Deprecated:  Function get_page_by_title is <strong>deprecated</strong> since version 6.2.0! Use WP_Query instead. in F:\xampp\htdocs\blogwordpress\wp-includes\functions.php on line 6085
[07-Aug-2024 06:37:31 UTC] PHP Deprecated:  Function get_page_by_title is <strong>deprecated</strong> since version 6.2.0! Use WP_Query instead. in F:\xampp\htdocs\blogwordpress\wp-includes\functions.php on line 6085
[07-Aug-2024 06:37:31 UTC] PHP Deprecated:  Function get_page_by_title is <strong>deprecated</strong> since version 6.2.0! Use WP_Query instead. in F:\xampp\htdocs\blogwordpress\wp-includes\functions.php on line 6085
[07-Aug-2024 06:37:31 UTC] PHP Deprecated:  Function get_page_by_title is <strong>deprecated</strong> since version 6.2.0! Use WP_Query instead. in F:\xampp\htdocs\blogwordpress\wp-includes\functions.php on line 6085
[07-Aug-2024 06:37:32 UTC] PHP Deprecated:  Function get_page_by_title is <strong>deprecated</strong> since version 6.2.0! Use WP_Query instead. in F:\xampp\htdocs\blogwordpress\wp-includes\functions.php on line 6085
[07-Aug-2024 06:37:32 UTC] PHP Deprecated:  Function get_page_by_title is <strong>deprecated</strong> since version 6.2.0! Use WP_Query instead. in F:\xampp\htdocs\blogwordpress\wp-includes\functions.php on line 6085
[07-Aug-2024 06:37:32 UTC] PHP Deprecated:  Function get_page_by_title is <strong>deprecated</strong> since version 6.2.0! Use WP_Query instead. in F:\xampp\htdocs\blogwordpress\wp-includes\functions.php on line 6085
[07-Aug-2024 06:37:32 UTC] PHP Deprecated:  Function get_page_by_title is <strong>deprecated</strong> since version 6.2.0! Use WP_Query instead. in F:\xampp\htdocs\blogwordpress\wp-includes\functions.php on line 6085
[07-Aug-2024 06:42:06 UTC] PHP Deprecated:  Function get_page_by_title is <strong>deprecated</strong> since version 6.2.0! Use WP_Query instead. in F:\xampp\htdocs\blogwordpress\wp-includes\functions.php on line 6085
[07-Aug-2024 06:42:06 UTC] PHP Deprecated:  Function get_page_by_title is <strong>deprecated</strong> since version 6.2.0! Use WP_Query instead. in F:\xampp\htdocs\blogwordpress\wp-includes\functions.php on line 6085
[07-Aug-2024 06:42:06 UTC] PHP Deprecated:  Function get_page_by_title is <strong>deprecated</strong> since version 6.2.0! Use WP_Query instead. in F:\xampp\htdocs\blogwordpress\wp-includes\functions.php on line 6085
[07-Aug-2024 06:42:07 UTC] PHP Deprecated:  Function get_page_by_title is <strong>deprecated</strong> since version 6.2.0! Use WP_Query instead. in F:\xampp\htdocs\blogwordpress\wp-includes\functions.php on line 6085
[07-Aug-2024 06:42:07 UTC] PHP Deprecated:  Function get_page_by_title is <strong>deprecated</strong> since version 6.2.0! Use WP_Query instead. in F:\xampp\htdocs\blogwordpress\wp-includes\functions.php on line 6085
[07-Aug-2024 06:42:07 UTC] PHP Deprecated:  Function get_page_by_title is <strong>deprecated</strong> since version 6.2.0! Use WP_Query instead. in F:\xampp\htdocs\blogwordpress\wp-includes\functions.php on line 6085
[07-Aug-2024 06:42:07 UTC] PHP Deprecated:  Function get_page_by_title is <strong>deprecated</strong> since version 6.2.0! Use WP_Query instead. in F:\xampp\htdocs\blogwordpress\wp-includes\functions.php on line 6085
[07-Aug-2024 06:50:34 UTC] PHP Deprecated:  Function get_page_by_title is <strong>deprecated</strong> since version 6.2.0! Use WP_Query instead. in F:\xampp\htdocs\blogwordpress\wp-includes\functions.php on line 6085
[07-Aug-2024 06:50:34 UTC] PHP Deprecated:  Function get_page_by_title is <strong>deprecated</strong> since version 6.2.0! Use WP_Query instead. in F:\xampp\htdocs\blogwordpress\wp-includes\functions.php on line 6085
[07-Aug-2024 06:50:34 UTC] PHP Deprecated:  Function get_page_by_title is <strong>deprecated</strong> since version 6.2.0! Use WP_Query instead. in F:\xampp\htdocs\blogwordpress\wp-includes\functions.php on line 6085
[07-Aug-2024 06:50:35 UTC] PHP Deprecated:  Function get_page_by_title is <strong>deprecated</strong> since version 6.2.0! Use WP_Query instead. in F:\xampp\htdocs\blogwordpress\wp-includes\functions.php on line 6085
[07-Aug-2024 06:50:35 UTC] PHP Deprecated:  Function get_page_by_title is <strong>deprecated</strong> since version 6.2.0! Use WP_Query instead. in F:\xampp\htdocs\blogwordpress\wp-includes\functions.php on line 6085
[07-Aug-2024 06:50:35 UTC] PHP Deprecated:  Function get_page_by_title is <strong>deprecated</strong> since version 6.2.0! Use WP_Query instead. in F:\xampp\htdocs\blogwordpress\wp-includes\functions.php on line 6085
[07-Aug-2024 06:50:35 UTC] PHP Deprecated:  Function get_page_by_title is <strong>deprecated</strong> since version 6.2.0! Use WP_Query instead. in F:\xampp\htdocs\blogwordpress\wp-includes\functions.php on line 6085
[07-Aug-2024 06:51:03 UTC] PHP Deprecated:  Function get_page_by_title is <strong>deprecated</strong> since version 6.2.0! Use WP_Query instead. in F:\xampp\htdocs\blogwordpress\wp-includes\functions.php on line 6085
[07-Aug-2024 06:51:03 UTC] PHP Deprecated:  Function get_page_by_title is <strong>deprecated</strong> since version 6.2.0! Use WP_Query instead. in F:\xampp\htdocs\blogwordpress\wp-includes\functions.php on line 6085
[07-Aug-2024 06:51:03 UTC] PHP Deprecated:  Function get_page_by_title is <strong>deprecated</strong> since version 6.2.0! Use WP_Query instead. in F:\xampp\htdocs\blogwordpress\wp-includes\functions.php on line 6085
[07-Aug-2024 06:51:04 UTC] PHP Deprecated:  Function get_page_by_title is <strong>deprecated</strong> since version 6.2.0! Use WP_Query instead. in F:\xampp\htdocs\blogwordpress\wp-includes\functions.php on line 6085
[07-Aug-2024 06:51:04 UTC] PHP Deprecated:  Function get_page_by_title is <strong>deprecated</strong> since version 6.2.0! Use WP_Query instead. in F:\xampp\htdocs\blogwordpress\wp-includes\functions.php on line 6085
[07-Aug-2024 06:51:04 UTC] PHP Deprecated:  Function get_page_by_title is <strong>deprecated</strong> since version 6.2.0! Use WP_Query instead. in F:\xampp\htdocs\blogwordpress\wp-includes\functions.php on line 6085
[07-Aug-2024 06:51:04 UTC] PHP Deprecated:  Function get_page_by_title is <strong>deprecated</strong> since version 6.2.0! Use WP_Query instead. in F:\xampp\htdocs\blogwordpress\wp-includes\functions.php on line 6085
[07-Aug-2024 06:51:08 UTC] PHP Deprecated:  Function get_page_by_title is <strong>deprecated</strong> since version 6.2.0! Use WP_Query instead. in F:\xampp\htdocs\blogwordpress\wp-includes\functions.php on line 6085
[07-Aug-2024 06:51:08 UTC] PHP Deprecated:  Function get_page_by_title is <strong>deprecated</strong> since version 6.2.0! Use WP_Query instead. in F:\xampp\htdocs\blogwordpress\wp-includes\functions.php on line 6085
[07-Aug-2024 06:51:08 UTC] PHP Deprecated:  Function get_page_by_title is <strong>deprecated</strong> since version 6.2.0! Use WP_Query instead. in F:\xampp\htdocs\blogwordpress\wp-includes\functions.php on line 6085
[07-Aug-2024 06:51:08 UTC] PHP Deprecated:  Function get_page_by_title is <strong>deprecated</strong> since version 6.2.0! Use WP_Query instead. in F:\xampp\htdocs\blogwordpress\wp-includes\functions.php on line 6085
[07-Aug-2024 06:51:08 UTC] PHP Deprecated:  Function get_page_by_title is <strong>deprecated</strong> since version 6.2.0! Use WP_Query instead. in F:\xampp\htdocs\blogwordpress\wp-includes\functions.php on line 6085
[07-Aug-2024 06:51:08 UTC] PHP Deprecated:  Function get_page_by_title is <strong>deprecated</strong> since version 6.2.0! Use WP_Query instead. in F:\xampp\htdocs\blogwordpress\wp-includes\functions.php on line 6085
[07-Aug-2024 06:51:08 UTC] PHP Deprecated:  Function get_page_by_title is <strong>deprecated</strong> since version 6.2.0! Use WP_Query instead. in F:\xampp\htdocs\blogwordpress\wp-includes\functions.php on line 6085
[07-Aug-2024 06:51:21 UTC] PHP Deprecated:  Function get_page_by_title is <strong>deprecated</strong> since version 6.2.0! Use WP_Query instead. in F:\xampp\htdocs\blogwordpress\wp-includes\functions.php on line 6085
[07-Aug-2024 06:51:21 UTC] PHP Deprecated:  Function get_page_by_title is <strong>deprecated</strong> since version 6.2.0! Use WP_Query instead. in F:\xampp\htdocs\blogwordpress\wp-includes\functions.php on line 6085
[07-Aug-2024 06:51:21 UTC] PHP Deprecated:  Function get_page_by_title is <strong>deprecated</strong> since version 6.2.0! Use WP_Query instead. in F:\xampp\htdocs\blogwordpress\wp-includes\functions.php on line 6085
[07-Aug-2024 06:51:22 UTC] PHP Deprecated:  Function get_page_by_title is <strong>deprecated</strong> since version 6.2.0! Use WP_Query instead. in F:\xampp\htdocs\blogwordpress\wp-includes\functions.php on line 6085
[07-Aug-2024 06:51:22 UTC] PHP Deprecated:  Function get_page_by_title is <strong>deprecated</strong> since version 6.2.0! Use WP_Query instead. in F:\xampp\htdocs\blogwordpress\wp-includes\functions.php on line 6085
[07-Aug-2024 06:51:22 UTC] PHP Deprecated:  Function get_page_by_title is <strong>deprecated</strong> since version 6.2.0! Use WP_Query instead. in F:\xampp\htdocs\blogwordpress\wp-includes\functions.php on line 6085
[07-Aug-2024 06:51:22 UTC] PHP Deprecated:  Function get_page_by_title is <strong>deprecated</strong> since version 6.2.0! Use WP_Query instead. in F:\xampp\htdocs\blogwordpress\wp-includes\functions.php on line 6085
[07-Aug-2024 06:51:36 UTC] PHP Deprecated:  Function get_page_by_title is <strong>deprecated</strong> since version 6.2.0! Use WP_Query instead. in F:\xampp\htdocs\blogwordpress\wp-includes\functions.php on line 6085
[07-Aug-2024 06:51:36 UTC] PHP Deprecated:  Function get_page_by_title is <strong>deprecated</strong> since version 6.2.0! Use WP_Query instead. in F:\xampp\htdocs\blogwordpress\wp-includes\functions.php on line 6085
[07-Aug-2024 06:51:36 UTC] PHP Deprecated:  Function get_page_by_title is <strong>deprecated</strong> since version 6.2.0! Use WP_Query instead. in F:\xampp\htdocs\blogwordpress\wp-includes\functions.php on line 6085
[07-Aug-2024 06:51:36 UTC] PHP Deprecated:  Function get_page_by_title is <strong>deprecated</strong> since version 6.2.0! Use WP_Query instead. in F:\xampp\htdocs\blogwordpress\wp-includes\functions.php on line 6085
[07-Aug-2024 06:51:36 UTC] PHP Deprecated:  Function get_page_by_title is <strong>deprecated</strong> since version 6.2.0! Use WP_Query instead. in F:\xampp\htdocs\blogwordpress\wp-includes\functions.php on line 6085
[07-Aug-2024 06:51:36 UTC] PHP Deprecated:  Function get_page_by_title is <strong>deprecated</strong> since version 6.2.0! Use WP_Query instead. in F:\xampp\htdocs\blogwordpress\wp-includes\functions.php on line 6085
[07-Aug-2024 06:51:36 UTC] PHP Deprecated:  Function get_page_by_title is <strong>deprecated</strong> since version 6.2.0! Use WP_Query instead. in F:\xampp\htdocs\blogwordpress\wp-includes\functions.php on line 6085
[07-Aug-2024 06:52:03 UTC] PHP Deprecated:  Function get_page_by_title is <strong>deprecated</strong> since version 6.2.0! Use WP_Query instead. in F:\xampp\htdocs\blogwordpress\wp-includes\functions.php on line 6085
[07-Aug-2024 06:52:03 UTC] PHP Deprecated:  Function get_page_by_title is <strong>deprecated</strong> since version 6.2.0! Use WP_Query instead. in F:\xampp\htdocs\blogwordpress\wp-includes\functions.php on line 6085
[07-Aug-2024 06:52:03 UTC] PHP Deprecated:  Function get_page_by_title is <strong>deprecated</strong> since version 6.2.0! Use WP_Query instead. in F:\xampp\htdocs\blogwordpress\wp-includes\functions.php on line 6085
[07-Aug-2024 06:52:03 UTC] PHP Deprecated:  Function get_page_by_title is <strong>deprecated</strong> since version 6.2.0! Use WP_Query instead. in F:\xampp\htdocs\blogwordpress\wp-includes\functions.php on line 6085
[07-Aug-2024 06:52:03 UTC] PHP Deprecated:  Function get_page_by_title is <strong>deprecated</strong> since version 6.2.0! Use WP_Query instead. in F:\xampp\htdocs\blogwordpress\wp-includes\functions.php on line 6085
[07-Aug-2024 06:52:03 UTC] PHP Deprecated:  Function get_page_by_title is <strong>deprecated</strong> since version 6.2.0! Use WP_Query instead. in F:\xampp\htdocs\blogwordpress\wp-includes\functions.php on line 6085
[07-Aug-2024 06:52:03 UTC] PHP Deprecated:  Function get_page_by_title is <strong>deprecated</strong> since version 6.2.0! Use WP_Query instead. in F:\xampp\htdocs\blogwordpress\wp-includes\functions.php on line 6085
[07-Aug-2024 06:52:25 UTC] PHP Deprecated:  Function get_page_by_title is <strong>deprecated</strong> since version 6.2.0! Use WP_Query instead. in F:\xampp\htdocs\blogwordpress\wp-includes\functions.php on line 6085
[07-Aug-2024 06:52:25 UTC] PHP Deprecated:  Function get_page_by_title is <strong>deprecated</strong> since version 6.2.0! Use WP_Query instead. in F:\xampp\htdocs\blogwordpress\wp-includes\functions.php on line 6085
[07-Aug-2024 06:52:25 UTC] PHP Deprecated:  Function get_page_by_title is <strong>deprecated</strong> since version 6.2.0! Use WP_Query instead. in F:\xampp\htdocs\blogwordpress\wp-includes\functions.php on line 6085
[07-Aug-2024 06:52:26 UTC] PHP Deprecated:  Function get_page_by_title is <strong>deprecated</strong> since version 6.2.0! Use WP_Query instead. in F:\xampp\htdocs\blogwordpress\wp-includes\functions.php on line 6085
[07-Aug-2024 06:52:26 UTC] PHP Deprecated:  Function get_page_by_title is <strong>deprecated</strong> since version 6.2.0! Use WP_Query instead. in F:\xampp\htdocs\blogwordpress\wp-includes\functions.php on line 6085
[07-Aug-2024 06:52:26 UTC] PHP Deprecated:  Function get_page_by_title is <strong>deprecated</strong> since version 6.2.0! Use WP_Query instead. in F:\xampp\htdocs\blogwordpress\wp-includes\functions.php on line 6085
[07-Aug-2024 06:52:26 UTC] PHP Deprecated:  Function get_page_by_title is <strong>deprecated</strong> since version 6.2.0! Use WP_Query instead. in F:\xampp\htdocs\blogwordpress\wp-includes\functions.php on line 6085
[07-Aug-2024 06:52:34 UTC] PHP Deprecated:  Function get_page_by_title is <strong>deprecated</strong> since version 6.2.0! Use WP_Query instead. in F:\xampp\htdocs\blogwordpress\wp-includes\functions.php on line 6085
[07-Aug-2024 06:52:34 UTC] PHP Deprecated:  Function get_page_by_title is <strong>deprecated</strong> since version 6.2.0! Use WP_Query instead. in F:\xampp\htdocs\blogwordpress\wp-includes\functions.php on line 6085
[07-Aug-2024 06:52:34 UTC] PHP Deprecated:  Function get_page_by_title is <strong>deprecated</strong> since version 6.2.0! Use WP_Query instead. in F:\xampp\htdocs\blogwordpress\wp-includes\functions.php on line 6085
[07-Aug-2024 06:52:34 UTC] PHP Deprecated:  Function get_page_by_title is <strong>deprecated</strong> since version 6.2.0! Use WP_Query instead. in F:\xampp\htdocs\blogwordpress\wp-includes\functions.php on line 6085
[07-Aug-2024 06:52:34 UTC] PHP Deprecated:  Function get_page_by_title is <strong>deprecated</strong> since version 6.2.0! Use WP_Query instead. in F:\xampp\htdocs\blogwordpress\wp-includes\functions.php on line 6085
[07-Aug-2024 06:52:34 UTC] PHP Deprecated:  Function get_page_by_title is <strong>deprecated</strong> since version 6.2.0! Use WP_Query instead. in F:\xampp\htdocs\blogwordpress\wp-includes\functions.php on line 6085
[07-Aug-2024 06:52:34 UTC] PHP Deprecated:  Function get_page_by_title is <strong>deprecated</strong> since version 6.2.0! Use WP_Query instead. in F:\xampp\htdocs\blogwordpress\wp-includes\functions.php on line 6085
[07-Aug-2024 06:52:46 UTC] PHP Deprecated:  Function get_page_by_title is <strong>deprecated</strong> since version 6.2.0! Use WP_Query instead. in F:\xampp\htdocs\blogwordpress\wp-includes\functions.php on line 6085
[07-Aug-2024 06:52:46 UTC] PHP Deprecated:  Function get_page_by_title is <strong>deprecated</strong> since version 6.2.0! Use WP_Query instead. in F:\xampp\htdocs\blogwordpress\wp-includes\functions.php on line 6085
[07-Aug-2024 06:52:46 UTC] PHP Deprecated:  Function get_page_by_title is <strong>deprecated</strong> since version 6.2.0! Use WP_Query instead. in F:\xampp\htdocs\blogwordpress\wp-includes\functions.php on line 6085
[07-Aug-2024 06:53:16 UTC] PHP Deprecated:  Function get_page_by_title is <strong>deprecated</strong> since version 6.2.0! Use WP_Query instead. in F:\xampp\htdocs\blogwordpress\wp-includes\functions.php on line 6085
[07-Aug-2024 06:53:16 UTC] PHP Deprecated:  Function get_page_by_title is <strong>deprecated</strong> since version 6.2.0! Use WP_Query instead. in F:\xampp\htdocs\blogwordpress\wp-includes\functions.php on line 6085
[07-Aug-2024 06:53:16 UTC] PHP Deprecated:  Function get_page_by_title is <strong>deprecated</strong> since version 6.2.0! Use WP_Query instead. in F:\xampp\htdocs\blogwordpress\wp-includes\functions.php on line 6085
[07-Aug-2024 06:54:52 UTC] PHP Deprecated:  Function get_page_by_title is <strong>deprecated</strong> since version 6.2.0! Use WP_Query instead. in F:\xampp\htdocs\blogwordpress\wp-includes\functions.php on line 6085
[07-Aug-2024 06:54:52 UTC] PHP Deprecated:  Function get_page_by_title is <strong>deprecated</strong> since version 6.2.0! Use WP_Query instead. in F:\xampp\htdocs\blogwordpress\wp-includes\functions.php on line 6085
[07-Aug-2024 06:54:52 UTC] PHP Deprecated:  Function get_page_by_title is <strong>deprecated</strong> since version 6.2.0! Use WP_Query instead. in F:\xampp\htdocs\blogwordpress\wp-includes\functions.php on line 6085
[07-Aug-2024 06:55:11 UTC] PHP Deprecated:  Function get_page_by_title is <strong>deprecated</strong> since version 6.2.0! Use WP_Query instead. in F:\xampp\htdocs\blogwordpress\wp-includes\functions.php on line 6085
[07-Aug-2024 06:55:11 UTC] PHP Deprecated:  Function get_page_by_title is <strong>deprecated</strong> since version 6.2.0! Use WP_Query instead. in F:\xampp\htdocs\blogwordpress\wp-includes\functions.php on line 6085
[07-Aug-2024 06:55:11 UTC] PHP Deprecated:  Function get_page_by_title is <strong>deprecated</strong> since version 6.2.0! Use WP_Query instead. in F:\xampp\htdocs\blogwordpress\wp-includes\functions.php on line 6085
[07-Aug-2024 06:55:11 UTC] PHP Deprecated:  Function get_page_by_title is <strong>deprecated</strong> since version 6.2.0! Use WP_Query instead. in F:\xampp\htdocs\blogwordpress\wp-includes\functions.php on line 6085
[07-Aug-2024 06:55:14 UTC] PHP Deprecated:  Function get_page_by_title is <strong>deprecated</strong> since version 6.2.0! Use WP_Query instead. in F:\xampp\htdocs\blogwordpress\wp-includes\functions.php on line 6085
[07-Aug-2024 06:55:14 UTC] PHP Deprecated:  Function get_page_by_title is <strong>deprecated</strong> since version 6.2.0! Use WP_Query instead. in F:\xampp\htdocs\blogwordpress\wp-includes\functions.php on line 6085
[07-Aug-2024 06:55:14 UTC] PHP Deprecated:  Function get_page_by_title is <strong>deprecated</strong> since version 6.2.0! Use WP_Query instead. in F:\xampp\htdocs\blogwordpress\wp-includes\functions.php on line 6085
[07-Aug-2024 06:55:15 UTC] PHP Deprecated:  Function get_page_by_title is <strong>deprecated</strong> since version 6.2.0! Use WP_Query instead. in F:\xampp\htdocs\blogwordpress\wp-includes\functions.php on line 6085
[07-Aug-2024 06:55:15 UTC] PHP Deprecated:  Function get_page_by_title is <strong>deprecated</strong> since version 6.2.0! Use WP_Query instead. in F:\xampp\htdocs\blogwordpress\wp-includes\functions.php on line 6085
[07-Aug-2024 06:55:15 UTC] PHP Deprecated:  Function get_page_by_title is <strong>deprecated</strong> since version 6.2.0! Use WP_Query instead. in F:\xampp\htdocs\blogwordpress\wp-includes\functions.php on line 6085
[07-Aug-2024 06:55:15 UTC] PHP Deprecated:  Function get_page_by_title is <strong>deprecated</strong> since version 6.2.0! Use WP_Query instead. in F:\xampp\htdocs\blogwordpress\wp-includes\functions.php on line 6085
[07-Aug-2024 06:58:15 UTC] PHP Deprecated:  Function get_page_by_title is <strong>deprecated</strong> since version 6.2.0! Use WP_Query instead. in F:\xampp\htdocs\blogwordpress\wp-includes\functions.php on line 6085
[07-Aug-2024 06:58:15 UTC] PHP Deprecated:  Function get_page_by_title is <strong>deprecated</strong> since version 6.2.0! Use WP_Query instead. in F:\xampp\htdocs\blogwordpress\wp-includes\functions.php on line 6085
[07-Aug-2024 06:58:15 UTC] PHP Deprecated:  Function get_page_by_title is <strong>deprecated</strong> since version 6.2.0! Use WP_Query instead. in F:\xampp\htdocs\blogwordpress\wp-includes\functions.php on line 6085
[07-Aug-2024 06:58:15 UTC] PHP Deprecated:  Function get_page_by_title is <strong>deprecated</strong> since version 6.2.0! Use WP_Query instead. in F:\xampp\htdocs\blogwordpress\wp-includes\functions.php on line 6085
